[ 2017-04-26T00:12:12+08:00 ] ::1 /wechat/index.php/Home/Index/test/userid/000001/pwd/18ef25b59079b7210a0040e48c5e5a5a
INFO: [ app_init ] --START--
INFO: Run Behavior\BuildLiteBehavior [ RunTime:0.000012s ]
INFO: [ app_init ] --END-- [ RunTime:0.000621s ]
INFO: [ app_begin ] --START--
INFO: Run Behavior\ReadHtmlCacheBehavior [ RunTime:0.000836s ]
INFO: [ app_begin ] --END-- [ RunTime:0.000892s ]
SQL: SHOW COLUMNS FROM `user` [ RunTime:0.0408s ]
SQL: SHOW COLUMNS FROM `user` [ RunTime:0.0025s ]
SQL: SELECT * FROM `user` WHERE `userid` = '000001' AND `password` = '18ef25b59079b7210a0040e48c5e5a5a' LIMIT 1   [ RunTime:0.0005s ]
INFO: [ app_end ] --START--
INFO: Run Behavior\ShowPageTraceBehavior [ RunTime:0.001573s ]
INFO: [ app_end ] --END-- [ RunTime:0.001704s ]

[ 2017-04-26T00:12:13+08:00 ] ::1 /wechat/index.php/Home/Index/test/userid/000001/pwd/18ef25b59079b7210a0040e48c5e5a5a
INFO: [ app_init ] --START--
INFO: Run Behavior\BuildLiteBehavior [ RunTime:0.000014s ]
INFO: [ app_init ] --END-- [ RunTime:0.000494s ]
INFO: [ app_begin ] --START--
INFO: Run Behavior\ReadHtmlCacheBehavior [ RunTime:0.000929s ]
INFO: [ app_begin ] --END-- [ RunTime:0.000996s ]
SQL: SHOW COLUMNS FROM `user` [ RunTime:0.0031s ]
SQL: SHOW COLUMNS FROM `user` [ RunTime:0.0026s ]
SQL: SELECT * FROM `user` WHERE `userid` = '000001' AND `password` = '18ef25b59079b7210a0040e48c5e5a5a' LIMIT 1   [ RunTime:0.0003s ]
INFO: [ app_end ] --START--
INFO: Run Behavior\ShowPageTraceBehavior [ RunTime:0.000975s ]
INFO: [ app_end ] --END-- [ RunTime:0.001023s ]

[ 2017-04-26T00:22:31+08:00 ] 192.168.201.80 /wechat/index.php/Home/Index/test/userid/hjh/pwd/202cb962ac59075b964b07152d234b70
INFO: [ app_init ] --START--
INFO: Run Behavior\BuildLiteBehavior [ RunTime:0.000013s ]
INFO: [ app_init ] --END-- [ RunTime:0.000527s ]
INFO: [ app_begin ] --START--
INFO: Run Behavior\ReadHtmlCacheBehavior [ RunTime:0.000880s ]
INFO: [ app_begin ] --END-- [ RunTime:0.000942s ]
SQL: SHOW COLUMNS FROM `user` [ RunTime:0.0095s ]
SQL: SHOW COLUMNS FROM `user` [ RunTime:0.0024s ]
SQL: SELECT * FROM `user` WHERE `userid` = 'hjh' AND `password` = '202cb962ac59075b964b07152d234b70' LIMIT 1   [ RunTime:0.0003s ]
INFO: [ app_end ] --START--
INFO: Run Behavior\ShowPageTraceBehavior [ RunTime:0.000811s ]
INFO: [ app_end ] --END-- [ RunTime:0.000857s ]

[ 2017-04-26T00:23:51+08:00 ] 192.168.201.80 /wechat/index.php/Home/Index/test/userid/hjh/pwd/202cb962ac59075b964b07152d234b70
INFO: [ app_init ] --START--
INFO: Run Behavior\BuildLiteBehavior [ RunTime:0.000014s ]
INFO: [ app_init ] --END-- [ RunTime:0.000485s ]
INFO: [ app_begin ] --START--
INFO: Run Behavior\ReadHtmlCacheBehavior [ RunTime:0.000710s ]
INFO: [ app_begin ] --END-- [ RunTime:0.000769s ]
SQL: SHOW COLUMNS FROM `user` [ RunTime:0.0499s ]
SQL: SHOW COLUMNS FROM `user` [ RunTime:0.0071s ]
SQL: SELECT * FROM `user` WHERE `userid` = 'hjh' AND `password` = '202cb962ac59075b964b07152d234b70' LIMIT 1   [ RunTime:0.0008s ]
INFO: [ app_end ] --START--
INFO: Run Behavior\ShowPageTraceBehavior [ RunTime:0.001902s ]
INFO: [ app_end ] --END-- [ RunTime:0.002027s ]

[ 2017-04-26T22:05:26+08:00 ] ::1 /wechat/index.php/Home/Index/test/userid/000001/pwd/18ef25b59079b7210a0040e48c5e5a5a
INFO: [ app_init ] --START--
INFO: Run Behavior\BuildLiteBehavior [ RunTime:0.000014s ]
INFO: [ app_init ] --END-- [ RunTime:0.000826s ]
INFO: [ app_begin ] --START--
INFO: Run Behavior\ReadHtmlCacheBehavior [ RunTime:0.004694s ]
INFO: [ app_begin ] --END-- [ RunTime:0.004758s ]
ERR: 非法操作:test

[ 2017-04-26T22:06:19+08:00 ] ::1 /wechat/index.php/Home/User/test/userid/000001/pwd/18ef25b59079b7210a0040e48c5e5a5a
INFO: [ app_init ] --START--
INFO: Run Behavior\BuildLiteBehavior [ RunTime:0.000011s ]
INFO: [ app_init ] --END-- [ RunTime:0.000593s ]
INFO: [ app_begin ] --START--
INFO: Run Behavior\ReadHtmlCacheBehavior [ RunTime:0.000863s ]
INFO: [ app_begin ] --END-- [ RunTime:0.000905s ]
SQL: SHOW COLUMNS FROM `user` [ RunTime:0.0097s ]
SQL: SHOW COLUMNS FROM `user` [ RunTime:0.0071s ]
SQL: SELECT * FROM `user` WHERE `userid` = '000001' AND `password` = '18ef25b59079b7210a0040e48c5e5a5a' LIMIT 1   [ RunTime:0.0009s ]
INFO: [ app_end ] --START--
INFO: Run Behavior\ShowPageTraceBehavior [ RunTime:0.028217s ]
INFO: [ app_end ] --END-- [ RunTime:0.028277s ]

[ 2017-04-26T23:33:15+08:00 ] 192.168.201.80 /wechat/index.php/Home/Index/test/userid/hjh/pwd/43cca4b3de2097b9558efefd0ecc3588
INFO: [ app_init ] --START--
INFO: Run Behavior\BuildLiteBehavior [ RunTime:0.000101s ]
INFO: [ app_init ] --END-- [ RunTime:0.002362s ]
INFO: [ app_begin ] --START--
INFO: Run Behavior\ReadHtmlCacheBehavior [ RunTime:0.020541s ]
INFO: [ app_begin ] --END-- [ RunTime:0.020704s ]
ERR: 非法操作:test

[ 2017-04-26T23:34:29+08:00 ] 192.168.201.80 /wechat/index.php/Home/Index/test/userid/hjh/pwd/202cb962ac59075b964b07152d234b70
INFO: [ app_init ] --START--
INFO: Run Behavior\BuildLiteBehavior [ RunTime:0.000017s ]
INFO: [ app_init ] --END-- [ RunTime:0.000912s ]
INFO: [ app_begin ] --START--
INFO: Run Behavior\ReadHtmlCacheBehavior [ RunTime:0.000505s ]
INFO: [ app_begin ] --END-- [ RunTime:0.000554s ]
ERR: 非法操作:test

[ 2017-04-26T23:36:20+08:00 ] 192.168.201.80 /wechat/index.php/Home/Index/test/userid/hjh/pwd/202cb962ac59075b964b07152d234b70
INFO: [ app_init ] --START--
INFO: Run Behavior\BuildLiteBehavior [ RunTime:0.000013s ]
INFO: [ app_init ] --END-- [ RunTime:0.000467s ]
INFO: [ app_begin ] --START--
INFO: Run Behavior\ReadHtmlCacheBehavior [ RunTime:0.000811s ]
INFO: [ app_begin ] --END-- [ RunTime:0.000870s ]
ERR: 非法操作:test

[ 2017-04-26T23:37:41+08:00 ] 192.168.201.80 /wechat/index.php/Home/Index/test/userid/hjh/pwd/202cb962ac59075b964b07152d234b70
INFO: [ app_init ] --START--
INFO: Run Behavior\BuildLiteBehavior [ RunTime:0.000011s ]
INFO: [ app_init ] --END-- [ RunTime:0.000522s ]
INFO: [ app_begin ] --START--
INFO: Run Behavior\ReadHtmlCacheBehavior [ RunTime:0.000574s ]
INFO: [ app_begin ] --END-- [ RunTime:0.000618s ]
ERR: 非法操作:test

[ 2017-04-26T23:41:09+08:00 ] 192.168.201.80 /wechat/index.php/Home/Index/test/userid/hjh/pwd/202cb962ac59075b964b07152d234b70
INFO: [ app_init ] --START--
INFO: Run Behavior\BuildLiteBehavior [ RunTime:0.000014s ]
INFO: [ app_init ] --END-- [ RunTime:0.000508s ]
INFO: [ app_begin ] --START--
INFO: Run Behavior\ReadHtmlCacheBehavior [ RunTime:0.001148s ]
INFO: [ app_begin ] --END-- [ RunTime:0.001243s ]
ERR: 非法操作:test

[ 2017-04-26T23:47:40+08:00 ] 192.168.201.80 /wechat/index.php/Home/Index/test/userid/hjh/pwd/18ef25b59079b7210a0040e48c5e5a5a
INFO: [ app_init ] --START--
INFO: Run Behavior\BuildLiteBehavior [ RunTime:0.000019s ]
INFO: [ app_init ] --END-- [ RunTime:0.000967s ]
INFO: [ app_begin ] --START--
INFO: Run Behavior\ReadHtmlCacheBehavior [ RunTime:0.001467s ]
INFO: [ app_begin ] --END-- [ RunTime:0.001540s ]
ERR: 非法操作:test

