[ 2017-06-03T15:57:28+08:00 ] ::1 /wechat/index.php/Home/User/login/
INFO: [ app_init ] --START--
INFO: Run Behavior\BuildLiteBehavior [ RunTime:0.000043s ]
INFO: [ app_init ] --END-- [ RunTime:0.046627s ]
INFO: [ app_begin ] --START--
INFO: Run Behavior\ReadHtmlCacheBehavior [ RunTime:0.014167s ]
INFO: [ app_begin ] --END-- [ RunTime:0.014261s ]

[ 2017-06-03T15:57:50+08:00 ] ::1 /wechat/index.php/Home/User/login/
INFO: [ app_init ] --START--
INFO: Run Behavior\BuildLiteBehavior [ RunTime:0.000051s ]
INFO: [ app_init ] --END-- [ RunTime:0.015770s ]
INFO: [ app_begin ] --START--
INFO: Run Behavior\ReadHtmlCacheBehavior [ RunTime:0.019382s ]
INFO: [ app_begin ] --END-- [ RunTime:0.019578s ]
ERR: 参数错误或者未定义:userid

[ 2017-06-03T16:09:51+08:00 ] ::1 /wechat/index.php/Home/User/login/
INFO: [ app_init ] --START--
INFO: Run Behavior\BuildLiteBehavior [ RunTime:0.000048s ]
INFO: [ app_init ] --END-- [ RunTime:0.010789s ]
INFO: [ app_begin ] --START--
INFO: Run Behavior\ReadHtmlCacheBehavior [ RunTime:0.017750s ]
INFO: [ app_begin ] --END-- [ RunTime:0.018002s ]
ERR: 参数错误或者未定义:userid

[ 2017-06-03T20:37:26+08:00 ] ::1 /wechat/index.php/Home/User/login
INFO: [ app_init ] --START--
INFO: Run Behavior\BuildLiteBehavior [ RunTime:0.000024s ]
INFO: [ app_init ] --END-- [ RunTime:0.016983s ]
INFO: [ app_begin ] --START--
INFO: Run Behavior\ReadHtmlCacheBehavior [ RunTime:0.019072s ]
INFO: [ app_begin ] --END-- [ RunTime:0.019173s ]
ERR: 参数错误或者未定义:username

[ 2017-06-03T20:40:42+08:00 ] ::1 /wechat/index.php/Home/User/login/username/zdr
INFO: [ app_init ] --START--
INFO: Run Behavior\BuildLiteBehavior [ RunTime:0.000019s ]
INFO: [ app_init ] --END-- [ RunTime:0.000826s ]
INFO: [ app_begin ] --START--
INFO: Run Behavior\ReadHtmlCacheBehavior [ RunTime:0.001714s ]
INFO: [ app_begin ] --END-- [ RunTime:0.001808s ]
ERR: 参数错误或者未定义:pwd

[ 2017-06-03T20:40:53+08:00 ] ::1 /wechat/index.php/Home/User/login/username/zdr/pwd/123
INFO: [ app_init ] --START--
INFO: Run Behavior\BuildLiteBehavior [ RunTime:0.000018s ]
INFO: [ app_init ] --END-- [ RunTime:0.000761s ]
INFO: [ app_begin ] --START--
INFO: Run Behavior\ReadHtmlCacheBehavior [ RunTime:0.004319s ]
INFO: [ app_begin ] --END-- [ RunTime:0.004414s ]
ERR: SQLSTATE[HY000] [1045] Access denied for user 'wechat'@'localhost' (using password: YES)

[ 2017-06-03T20:44:16+08:00 ] ::1 /wechat/index.php/Home/User/test
INFO: [ app_init ] --START--
INFO: Run Behavior\BuildLiteBehavior [ RunTime:0.000016s ]
INFO: [ app_init ] --END-- [ RunTime:0.000789s ]
INFO: [ app_begin ] --START--
INFO: Run Behavior\ReadHtmlCacheBehavior [ RunTime:0.001951s ]
INFO: [ app_begin ] --END-- [ RunTime:0.002070s ]
ERR: SQLSTATE[HY000] [1045] Access denied for user 'wechat'@'localhost' (using password: YES)

[ 2017-06-03T20:46:46+08:00 ] ::1 /wechat/index.php/Home/User/test
INFO: [ app_init ] --START--
INFO: Run Behavior\BuildLiteBehavior [ RunTime:0.000014s ]
INFO: [ app_init ] --END-- [ RunTime:0.000721s ]
INFO: [ app_begin ] --START--
INFO: Run Behavior\ReadHtmlCacheBehavior [ RunTime:0.002238s ]
INFO: [ app_begin ] --END-- [ RunTime:0.002333s ]
ERR: SQLSTATE[HY000] [1045] Access denied for user 'wechat'@'localhost' (using password: YES)

[ 2017-06-03T20:53:04+08:00 ] ::1 /wechat/index.php/Home/User/test
INFO: [ app_init ] --START--
INFO: Run Behavior\BuildLiteBehavior [ RunTime:0.000012s ]
INFO: [ app_init ] --END-- [ RunTime:0.000537s ]
INFO: [ app_begin ] --START--
INFO: Run Behavior\ReadHtmlCacheBehavior [ RunTime:0.001907s ]
INFO: [ app_begin ] --END-- [ RunTime:0.002040s ]

[ 2017-06-03T20:53:04+08:00 ] ::1 /wechat/index.php/Home/User/login/username/zdr/pwd/123
INFO: [ app_init ] --START--
INFO: Run Behavior\BuildLiteBehavior [ RunTime:0.000013s ]
INFO: [ app_init ] --END-- [ RunTime:0.000602s ]
INFO: [ app_begin ] --START--
INFO: Run Behavior\ReadHtmlCacheBehavior [ RunTime:0.000994s ]
INFO: [ app_begin ] --END-- [ RunTime:0.001040s ]

[ 2017-06-03T20:53:04+08:00 ] ::1 /wechat/index.php/Home/User/test
INFO: [ app_init ] --START--
INFO: Run Behavior\BuildLiteBehavior [ RunTime:0.000028s ]
INFO: [ app_init ] --END-- [ RunTime:0.000936s ]
INFO: [ app_begin ] --START--
INFO: Run Behavior\ReadHtmlCacheBehavior [ RunTime:0.001802s ]
INFO: [ app_begin ] --END-- [ RunTime:0.001900s ]

[ 2017-06-03T20:53:04+08:00 ] ::1 /wechat/index.php/Home/User/test
INFO: [ app_init ] --START--
INFO: Run Behavior\BuildLiteBehavior [ RunTime:0.000015s ]
INFO: [ app_init ] --END-- [ RunTime:0.000672s ]
INFO: [ app_begin ] --START--
INFO: Run Behavior\ReadHtmlCacheBehavior [ RunTime:0.001792s ]
INFO: [ app_begin ] --END-- [ RunTime:0.001885s ]

[ 2017-06-03T20:53:04+08:00 ] ::1 /wechat/index.php/Home/User/test
INFO: [ app_init ] --START--
INFO: Run Behavior\BuildLiteBehavior [ RunTime:0.000018s ]
INFO: [ app_init ] --END-- [ RunTime:0.001018s ]
INFO: [ app_begin ] --START--
INFO: Run Behavior\ReadHtmlCacheBehavior [ RunTime:0.001273s ]
INFO: [ app_begin ] --END-- [ RunTime:0.001353s ]

[ 2017-06-03T20:53:04+08:00 ] ::1 /wechat/index.php/Home/User/test
INFO: [ app_init ] --START--
INFO: Run Behavior\BuildLiteBehavior [ RunTime:0.000026s ]
INFO: [ app_init ] --END-- [ RunTime:0.001167s ]
INFO: [ app_begin ] --START--
INFO: Run Behavior\ReadHtmlCacheBehavior [ RunTime:0.002168s ]
INFO: [ app_begin ] --END-- [ RunTime:0.002280s ]

[ 2017-06-03T20:53:04+08:00 ] ::1 /wechat/index.php/Home/User/test
INFO: [ app_init ] --START--
INFO: Run Behavior\BuildLiteBehavior [ RunTime:0.000024s ]
INFO: [ app_init ] --END-- [ RunTime:0.000948s ]
INFO: [ app_begin ] --START--
INFO: Run Behavior\ReadHtmlCacheBehavior [ RunTime:0.001680s ]
INFO: [ app_begin ] --END-- [ RunTime:0.001823s ]

[ 2017-06-03T20:53:04+08:00 ] ::1 /wechat/index.php/Home/User/test
INFO: [ app_init ] --START--
INFO: Run Behavior\BuildLiteBehavior [ RunTime:0.000031s ]
INFO: [ app_init ] --END-- [ RunTime:0.001073s ]
INFO: [ app_begin ] --START--
INFO: Run Behavior\ReadHtmlCacheBehavior [ RunTime:0.002717s ]
INFO: [ app_begin ] --END-- [ RunTime:0.002878s ]

[ 2017-06-03T20:53:04+08:00 ] ::1 /wechat/index.php/Home/User/test
INFO: [ app_init ] --START--
INFO: Run Behavior\BuildLiteBehavior [ RunTime:0.000024s ]
INFO: [ app_init ] --END-- [ RunTime:0.002368s ]
INFO: [ app_begin ] --START--
INFO: Run Behavior\ReadHtmlCacheBehavior [ RunTime:0.006575s ]
INFO: [ app_begin ] --END-- [ RunTime:0.006687s ]

[ 2017-06-03T20:53:51+08:00 ] ::1 /wechat/index.php/Home/User/test
INFO: [ app_init ] --START--
INFO: Run Behavior\BuildLiteBehavior [ RunTime:0.000016s ]
INFO: [ app_init ] --END-- [ RunTime:0.000884s ]
INFO: [ app_begin ] --START--
INFO: Run Behavior\ReadHtmlCacheBehavior [ RunTime:0.002028s ]
INFO: [ app_begin ] --END-- [ RunTime:0.002110s ]
ERR: SQLSTATE[HY000] [1045] Access denied for user 'wechat'@'localhost' (using password: YES)

[ 2017-06-03T20:57:06+08:00 ] ::1 /wechat/index.php/Home/User/test
INFO: [ app_init ] --START--
INFO: Run Behavior\BuildLiteBehavior [ RunTime:0.000023s ]
INFO: [ app_init ] --END-- [ RunTime:0.001622s ]
INFO: [ app_begin ] --START--
INFO: Run Behavior\ReadHtmlCacheBehavior [ RunTime:0.002090s ]
INFO: [ app_begin ] --END-- [ RunTime:0.002178s ]
ERR: SQLSTATE[HY000] [1045] Access denied for user 'wechat'@'localhost' (using password: YES)

[ 2017-06-03T20:58:47+08:00 ] ::1 /wechat/index.php/Home/User/test
INFO: [ app_init ] --START--
INFO: Run Behavior\BuildLiteBehavior [ RunTime:0.000011s ]
INFO: [ app_init ] --END-- [ RunTime:0.000630s ]
INFO: [ app_begin ] --START--
INFO: Run Behavior\ReadHtmlCacheBehavior [ RunTime:0.001531s ]
INFO: [ app_begin ] --END-- [ RunTime:0.001632s ]
ERR: SQLSTATE[HY000] [1045] Access denied for user 'wechat'@'localhost' (using password: YES)

[ 2017-06-03T20:59:49+08:00 ] ::1 /wechat/index.php/Home/User/test
INFO: [ app_init ] --START--
INFO: Run Behavior\BuildLiteBehavior [ RunTime:0.000017s ]
INFO: [ app_init ] --END-- [ RunTime:0.001342s ]
INFO: [ app_begin ] --START--
INFO: Run Behavior\ReadHtmlCacheBehavior [ RunTime:0.001232s ]
INFO: [ app_begin ] --END-- [ RunTime:0.001327s ]
ERR: SQLSTATE[HY000] [1045] Access denied for user 'wechat'@'localhost' (using password: YES)

[ 2017-06-03T21:02:16+08:00 ] ::1 /wechat/index.php/Home/User/test
INFO: [ app_init ] --START--
INFO: Run Behavior\BuildLiteBehavior [ RunTime:0.000012s ]
INFO: [ app_init ] --END-- [ RunTime:0.000691s ]
INFO: [ app_begin ] --START--
INFO: Run Behavior\ReadHtmlCacheBehavior [ RunTime:0.001381s ]
INFO: [ app_begin ] --END-- [ RunTime:0.001442s ]
SQL: SHOW COLUMNS FROM `user` [ RunTime:0.0877s ]
SQL: SELECT `id` FROM `user` ORDER BY id desc LIMIT 1   [ RunTime:0.0006s ]
SQL: SELECT * FROM `user` WHERE `username` = 'zdr' AND `password` = '123' LIMIT 1   [ RunTime:0.0185s ]
INFO: [ app_end ] --START--
INFO: Run Behavior\ShowPageTraceBehavior [ RunTime:0.022857s ]
INFO: [ app_end ] --END-- [ RunTime:0.022992s ]

[ 2017-06-03T21:02:49+08:00 ] ::1 /wechat/index.php/Home/User/login/username/zdr/pwd/123
INFO: [ app_init ] --START--
INFO: Run Behavior\BuildLiteBehavior [ RunTime:0.000014s ]
INFO: [ app_init ] --END-- [ RunTime:0.000832s ]
INFO: [ app_begin ] --START--
INFO: Run Behavior\ReadHtmlCacheBehavior [ RunTime:0.002029s ]
INFO: [ app_begin ] --END-- [ RunTime:0.002176s ]
SQL: SHOW COLUMNS FROM `user` [ RunTime:0.0123s ]
SQL: SELECT `id` FROM `user` ORDER BY id desc LIMIT 1   [ RunTime:0.0005s ]
SQL: SELECT * FROM `user` WHERE `username` = 'zdr' AND `password` = '123' LIMIT 1   [ RunTime:0.0003s ]
NOTIC: [8] Undefined variable: userid D:\xampp2\htdocs\wechat\Application\Home\Controller\UserController.class.php 第 23 行.
INFO: [ app_end ] --START--
INFO: Run Behavior\ShowPageTraceBehavior [ RunTime:0.001098s ]
INFO: [ app_end ] --END-- [ RunTime:0.001154s ]

[ 2017-06-03T21:03:16+08:00 ] ::1 /wechat/index.php/Home/User/logout/userid/000001
INFO: [ app_init ] --START--
INFO: Run Behavior\BuildLiteBehavior [ RunTime:0.000012s ]
INFO: [ app_init ] --END-- [ RunTime:0.000602s ]
INFO: [ app_begin ] --START--
INFO: Run Behavior\ReadHtmlCacheBehavior [ RunTime:0.003420s ]
INFO: [ app_begin ] --END-- [ RunTime:0.003507s ]

[ 2017-06-03T21:22:49+08:00 ] ::1 /wechat/index.php/Home/User/logout/userid/000001
INFO: [ app_init ] --START--
INFO: Run Behavior\BuildLiteBehavior [ RunTime:0.000015s ]
INFO: [ app_init ] --END-- [ RunTime:0.000828s ]
INFO: [ app_begin ] --START--
INFO: Run Behavior\ReadHtmlCacheBehavior [ RunTime:0.001966s ]
INFO: [ app_begin ] --END-- [ RunTime:0.002056s ]
NOTIC: [8] Undefined index: 000001 D:\xampp2\htdocs\wechat\Application\Home\Controller\UserController.class.php 第 9 行.
INFO: [ app_end ] --START--
INFO: Run Behavior\ShowPageTraceBehavior [ RunTime:0.026709s ]
INFO: [ app_end ] --END-- [ RunTime:0.026793s ]

[ 2017-06-03T21:23:20+08:00 ] ::1 /wechat/index.php/Home/User/login/username/zdr/pwd/123
INFO: [ app_init ] --START--
INFO: Run Behavior\BuildLiteBehavior [ RunTime:0.000024s ]
INFO: [ app_init ] --END-- [ RunTime:0.001366s ]
INFO: [ app_begin ] --START--
INFO: Run Behavior\ReadHtmlCacheBehavior [ RunTime:0.002932s ]
INFO: [ app_begin ] --END-- [ RunTime:0.003057s ]
SQL: SHOW COLUMNS FROM `user` [ RunTime:0.0135s ]
SQL: SELECT `id` FROM `user` ORDER BY id desc LIMIT 1   [ RunTime:0.0004s ]
SQL: SELECT * FROM `user` WHERE `username` = 'zdr' AND `password` = '123' LIMIT 1   [ RunTime:0.0005s ]
NOTIC: [8] Undefined variable: userid D:\xampp2\htdocs\wechat\Application\Home\Controller\UserController.class.php 第 23 行.
INFO: [ app_end ] --START--
INFO: Run Behavior\ShowPageTraceBehavior [ RunTime:0.002364s ]
INFO: [ app_end ] --END-- [ RunTime:0.002454s ]

[ 2017-06-03T21:23:53+08:00 ] ::1 /wechat/index.php/Home/User/logout/userid/000001
INFO: [ app_init ] --START--
INFO: Run Behavior\BuildLiteBehavior [ RunTime:0.000011s ]
INFO: [ app_init ] --END-- [ RunTime:0.000482s ]
INFO: [ app_begin ] --START--
INFO: Run Behavior\ReadHtmlCacheBehavior [ RunTime:0.003972s ]
INFO: [ app_begin ] --END-- [ RunTime:0.004191s ]
NOTIC: [8] Undefined index: 000001 D:\xampp2\htdocs\wechat\Application\Home\Controller\UserController.class.php 第 9 行.
INFO: [ app_end ] --START--
INFO: Run Behavior\ShowPageTraceBehavior [ RunTime:0.001640s ]
INFO: [ app_end ] --END-- [ RunTime:0.001689s ]

[ 2017-06-03T21:25:16+08:00 ] ::1 /wechat/index.php/Home/User/logout/userid/000001
INFO: [ app_init ] --START--
INFO: Run Behavior\BuildLiteBehavior [ RunTime:0.000014s ]
INFO: [ app_init ] --END-- [ RunTime:0.000682s ]
INFO: [ app_begin ] --START--
INFO: Run Behavior\ReadHtmlCacheBehavior [ RunTime:0.002953s ]
INFO: [ app_begin ] --END-- [ RunTime:0.003084s ]
NOTIC: [8] Undefined index: 000001 D:\xampp2\htdocs\wechat\Application\Home\Controller\UserController.class.php 第 10 行.
INFO: [ app_end ] --START--
INFO: Run Behavior\ShowPageTraceBehavior [ RunTime:0.001803s ]
INFO: [ app_end ] --END-- [ RunTime:0.001858s ]

[ 2017-06-03T21:29:03+08:00 ] ::1 /wechat/index.php/Home/User/login/username/zdr/pwd/123
INFO: [ app_init ] --START--
INFO: Run Behavior\BuildLiteBehavior [ RunTime:0.000028s ]
INFO: [ app_init ] --END-- [ RunTime:0.002323s ]
INFO: [ app_begin ] --START--
INFO: Run Behavior\ReadHtmlCacheBehavior [ RunTime:0.002797s ]
INFO: [ app_begin ] --END-- [ RunTime:0.002910s ]
SQL: SHOW COLUMNS FROM `user` [ RunTime:0.0136s ]
SQL: SELECT `id` FROM `user` ORDER BY id desc LIMIT 1   [ RunTime:0.0004s ]
SQL: SELECT * FROM `user` WHERE `username` = 'zdr' AND `password` = '123' LIMIT 1   [ RunTime:0.0004s ]
SQL: SELECT `id` FROM `user` ORDER BY id desc LIMIT 1   [ RunTime:0.0003s ]

[ 2017-06-03T21:29:44+08:00 ] ::1 /wechat/index.php/Home/User/login/username/zdr/pwd/123
INFO: [ app_init ] --START--
INFO: Run Behavior\BuildLiteBehavior [ RunTime:0.000014s ]
INFO: [ app_init ] --END-- [ RunTime:0.000674s ]
INFO: [ app_begin ] --START--
INFO: Run Behavior\ReadHtmlCacheBehavior [ RunTime:0.002338s ]
INFO: [ app_begin ] --END-- [ RunTime:0.002436s ]
SQL: SHOW COLUMNS FROM `user` [ RunTime:0.0111s ]
SQL: SELECT `id` FROM `user` ORDER BY id desc LIMIT 1   [ RunTime:0.0004s ]
SQL: SELECT * FROM `user` WHERE `username` = 'zdr' AND `password` = '123' LIMIT 1   [ RunTime:0.0004s ]
ERR: 1054:Unknown column 'zdr' in 'where clause'
 [ SQL语句 ] : SELECT * FROM `user` WHERE ( zdr ) LIMIT 1  
ERR: 1054:Unknown column 'zdr' in 'where clause'
 [ SQL语句 ] : SELECT * FROM `user` WHERE ( zdr ) LIMIT 1  

[ 2017-06-03T21:30:11+08:00 ] ::1 /wechat/index.php/Home/User/login/username/zdr/pwd/123
INFO: [ app_init ] --START--
INFO: Run Behavior\BuildLiteBehavior [ RunTime:0.000015s ]
INFO: [ app_init ] --END-- [ RunTime:0.000746s ]
INFO: [ app_begin ] --START--
INFO: Run Behavior\ReadHtmlCacheBehavior [ RunTime:0.002171s ]
INFO: [ app_begin ] --END-- [ RunTime:0.002285s ]
SQL: SHOW COLUMNS FROM `user` [ RunTime:0.0120s ]
SQL: SELECT `id` FROM `user` ORDER BY id desc LIMIT 1   [ RunTime:0.0004s ]
SQL: SELECT * FROM `user` WHERE `username` = 'zdr' AND `password` = '123' LIMIT 1   [ RunTime:0.0004s ]
SQL: SELECT * FROM `user` WHERE `username` = 'zdr' LIMIT 1   [ RunTime:0.0003s ]
NOTIC: [8] Undefined variable: userid D:\xampp2\htdocs\wechat\Application\Home\Controller\UserController.class.php 第 27 行.
INFO: [ app_end ] --START--
INFO: Run Behavior\ShowPageTraceBehavior [ RunTime:0.001815s ]
INFO: [ app_end ] --END-- [ RunTime:0.001891s ]

[ 2017-06-03T21:30:39+08:00 ] ::1 /wechat/index.php/Home/User/login/username/zdr/pwd/123
INFO: [ app_init ] --START--
INFO: Run Behavior\BuildLiteBehavior [ RunTime:0.000014s ]
INFO: [ app_init ] --END-- [ RunTime:0.000693s ]
INFO: [ app_begin ] --START--
INFO: Run Behavior\ReadHtmlCacheBehavior [ RunTime:0.001698s ]
INFO: [ app_begin ] --END-- [ RunTime:0.001755s ]
SQL: SHOW COLUMNS FROM `user` [ RunTime:0.0113s ]
SQL: SELECT `id` FROM `user` ORDER BY id desc LIMIT 1   [ RunTime:0.0004s ]
SQL: SELECT * FROM `user` WHERE `username` = 'zdr' AND `password` = '123' LIMIT 1   [ RunTime:0.0004s ]
SQL: SELECT * FROM `user` WHERE `username` = 'zdr' LIMIT 1   [ RunTime:0.0004s ]
NOTIC: [8] Undefined variable: userid D:\xampp2\htdocs\wechat\Application\Home\Controller\UserController.class.php 第 27 行.
INFO: [ app_end ] --START--
INFO: Run Behavior\ShowPageTraceBehavior [ RunTime:0.001813s ]
INFO: [ app_end ] --END-- [ RunTime:0.001884s ]

[ 2017-06-03T21:30:59+08:00 ] ::1 /wechat/index.php/Home/User/login/username/zdr/pwd/123
INFO: [ app_init ] --START--
INFO: Run Behavior\BuildLiteBehavior [ RunTime:0.000015s ]
INFO: [ app_init ] --END-- [ RunTime:0.000648s ]
INFO: [ app_begin ] --START--
INFO: Run Behavior\ReadHtmlCacheBehavior [ RunTime:0.001634s ]
INFO: [ app_begin ] --END-- [ RunTime:0.001708s ]
SQL: SHOW COLUMNS FROM `user` [ RunTime:0.0106s ]
SQL: SELECT `id` FROM `user` ORDER BY id desc LIMIT 1   [ RunTime:0.0004s ]
SQL: SELECT * FROM `user` WHERE `username` = 'zdr' AND `password` = '123' LIMIT 1   [ RunTime:0.0004s ]
SQL: SELECT * FROM `user` WHERE `username` = 'zdr' LIMIT 1   [ RunTime:0.0004s ]
INFO: [ app_end ] --START--
INFO: Run Behavior\ShowPageTraceBehavior [ RunTime:0.001798s ]
INFO: [ app_end ] --END-- [ RunTime:0.001874s ]

[ 2017-06-03T21:31:11+08:00 ] ::1 /wechat/index.php/Home/User/logout/userid/000001
INFO: [ app_init ] --START--
INFO: Run Behavior\BuildLiteBehavior [ RunTime:0.000032s ]
INFO: [ app_init ] --END-- [ RunTime:0.001042s ]
INFO: [ app_begin ] --START--
INFO: Run Behavior\ReadHtmlCacheBehavior [ RunTime:0.002154s ]
INFO: [ app_begin ] --END-- [ RunTime:0.002261s ]
INFO: [ app_end ] --START--
INFO: Run Behavior\ShowPageTraceBehavior [ RunTime:0.003078s ]
INFO: [ app_end ] --END-- [ RunTime:0.003182s ]

[ 2017-06-03T22:49:51+08:00 ] ::1 /wechat/index.php/Home/User/getFriends/userid/000001
INFO: [ app_init ] --START--
INFO: Run Behavior\BuildLiteBehavior [ RunTime:0.000014s ]
INFO: [ app_init ] --END-- [ RunTime:0.006135s ]
INFO: [ app_begin ] --START--
INFO: Run Behavior\ReadHtmlCacheBehavior [ RunTime:0.007825s ]
INFO: [ app_begin ] --END-- [ RunTime:0.007884s ]
SQL: SHOW COLUMNS FROM `friends` [ RunTime:0.0083s ]
SQL: SHOW COLUMNS FROM `friends` [ RunTime:0.0086s ]
SQL: SELECT * FROM `friends` WHERE `userid` = '000001' LIMIT 1   [ RunTime:0.0005s ]
SQL: SHOW COLUMNS FROM `friends` [ RunTime:0.0077s ]
SQL: SELECT * FROM `friends` WHERE `freid` = '000001' LIMIT 1   [ RunTime:0.0003s ]
NOTIC: [8] Undefined index: friename D:\xampp2\htdocs\wechat\Application\Home\Controller\UserController.class.php 第 51 行.
NOTIC: [8] Undefined variable: result D:\xampp2\htdocs\wechat\Application\Home\Controller\UserController.class.php 第 55 行.
INFO: [ app_end ] --START--
INFO: Run Behavior\ShowPageTraceBehavior [ RunTime:0.015540s ]
INFO: [ app_end ] --END-- [ RunTime:0.015621s ]

[ 2017-06-03T22:51:40+08:00 ] ::1 /wechat/index.php/Home/User/getFriends/userid/000001
INFO: [ app_init ] --START--
INFO: Run Behavior\BuildLiteBehavior [ RunTime:0.000018s ]
INFO: [ app_init ] --END-- [ RunTime:0.000914s ]
INFO: [ app_begin ] --START--
INFO: Run Behavior\ReadHtmlCacheBehavior [ RunTime:0.002149s ]
INFO: [ app_begin ] --END-- [ RunTime:0.002242s ]
SQL: SHOW COLUMNS FROM `friends` [ RunTime:0.0226s ]
SQL: SHOW COLUMNS FROM `friends` [ RunTime:0.0108s ]
SQL: SELECT * FROM `friends` WHERE `userid` = '000001' LIMIT 1   [ RunTime:0.0005s ]
SQL: SHOW COLUMNS FROM `friends` [ RunTime:0.0126s ]
SQL: SELECT * FROM `friends` WHERE `freid` = '000001' LIMIT 1   [ RunTime:0.0005s ]
NOTIC: [8] Undefined variable: result D:\xampp2\htdocs\wechat\Application\Home\Controller\UserController.class.php 第 55 行.
INFO: [ app_end ] --START--
INFO: Run Behavior\ShowPageTraceBehavior [ RunTime:0.002345s ]
INFO: [ app_end ] --END-- [ RunTime:0.002409s ]

[ 2017-06-03T22:54:37+08:00 ] ::1 /wechat/index.php/Home/User/getFriends/userid/000001
INFO: [ app_init ] --START--
INFO: Run Behavior\BuildLiteBehavior [ RunTime:0.000020s ]
INFO: [ app_init ] --END-- [ RunTime:0.000831s ]
INFO: [ app_begin ] --START--
INFO: Run Behavior\ReadHtmlCacheBehavior [ RunTime:0.002714s ]
INFO: [ app_begin ] --END-- [ RunTime:0.002820s ]
SQL: SHOW COLUMNS FROM `friends` [ RunTime:0.0115s ]
SQL: SHOW COLUMNS FROM `friends` [ RunTime:0.0119s ]
SQL: SELECT * FROM `friends` WHERE `userid` = '000001' LIMIT 1   [ RunTime:0.0006s ]
SQL: SHOW COLUMNS FROM `friends` [ RunTime:0.0151s ]
SQL: SELECT * FROM `friends` WHERE `freid` = '000001' LIMIT 1   [ RunTime:0.0004s ]
INFO: [ app_end ] --START--
INFO: Run Behavior\ShowPageTraceBehavior [ RunTime:0.002776s ]
INFO: [ app_end ] --END-- [ RunTime:0.002865s ]

[ 2017-06-03T22:55:41+08:00 ] ::1 /wechat/index.php/Home/User/getFriends/userid/000001
INFO: [ app_init ] --START--
INFO: Run Behavior\BuildLiteBehavior [ RunTime:0.000018s ]
INFO: [ app_init ] --END-- [ RunTime:0.000777s ]
INFO: [ app_begin ] --START--
INFO: Run Behavior\ReadHtmlCacheBehavior [ RunTime:0.002004s ]
INFO: [ app_begin ] --END-- [ RunTime:0.002074s ]
SQL: SHOW COLUMNS FROM `friends` [ RunTime:0.0109s ]
SQL: SHOW COLUMNS FROM `friends` [ RunTime:0.0124s ]
SQL: SELECT * FROM `friends` WHERE `userid` = '000001' LIMIT 1   [ RunTime:0.0005s ]
SQL: SHOW COLUMNS FROM `friends` [ RunTime:0.0111s ]
SQL: SELECT * FROM `friends` WHERE `freid` = '000001' LIMIT 1   [ RunTime:0.0005s ]
INFO: [ app_end ] --START--
INFO: Run Behavior\ShowPageTraceBehavior [ RunTime:0.003087s ]
INFO: [ app_end ] --END-- [ RunTime:0.003182s ]

[ 2017-06-03T22:56:34+08:00 ] ::1 /wechat/index.php/Home/User/getFriends/userid/000001
INFO: [ app_init ] --START--
INFO: Run Behavior\BuildLiteBehavior [ RunTime:0.000018s ]
INFO: [ app_init ] --END-- [ RunTime:0.000778s ]
INFO: [ app_begin ] --START--
INFO: Run Behavior\ReadHtmlCacheBehavior [ RunTime:0.003341s ]
INFO: [ app_begin ] --END-- [ RunTime:0.003458s ]
SQL: SHOW COLUMNS FROM `friends` [ RunTime:0.0129s ]
SQL: SHOW COLUMNS FROM `friends` [ RunTime:0.0111s ]
SQL: SELECT * FROM `friends` WHERE `userid` = '000001' LIMIT 1   [ RunTime:0.0005s ]
SQL: SHOW COLUMNS FROM `friends` [ RunTime:0.0095s ]
SQL: SELECT * FROM `friends` WHERE `freid` = '000001' LIMIT 1   [ RunTime:0.0010s ]

[ 2017-06-03T22:56:39+08:00 ] ::1 /wechat/index.php/Home/User/logout/userid/000001
INFO: [ app_init ] --START--
INFO: Run Behavior\BuildLiteBehavior [ RunTime:0.000024s ]
INFO: [ app_init ] --END-- [ RunTime:0.000823s ]
INFO: [ app_begin ] --START--
INFO: Run Behavior\ReadHtmlCacheBehavior [ RunTime:0.002599s ]
INFO: [ app_begin ] --END-- [ RunTime:0.002703s ]
NOTIC: [8] Undefined index: 000001 D:\xampp2\htdocs\wechat\Application\Home\Controller\UserController.class.php 第 9 行.
INFO: [ app_end ] --START--
INFO: Run Behavior\ShowPageTraceBehavior [ RunTime:0.001977s ]
INFO: [ app_end ] --END-- [ RunTime:0.002050s ]

[ 2017-06-03T22:58:02+08:00 ] ::1 /wechat/index.php/Home/User/logout/userid/000001
INFO: [ app_init ] --START--
INFO: Run Behavior\BuildLiteBehavior [ RunTime:0.000021s ]
INFO: [ app_init ] --END-- [ RunTime:0.001229s ]
INFO: [ app_begin ] --START--
INFO: Run Behavior\ReadHtmlCacheBehavior [ RunTime:0.002014s ]
INFO: [ app_begin ] --END-- [ RunTime:0.002086s ]
NOTIC: [8] Undefined index: 000001 D:\xampp2\htdocs\wechat\Application\Home\Controller\UserController.class.php 第 9 行.
INFO: [ app_end ] --START--
INFO: Run Behavior\ShowPageTraceBehavior [ RunTime:0.002576s ]
INFO: [ app_end ] --END-- [ RunTime:0.002647s ]

[ 2017-06-03T22:58:03+08:00 ] ::1 /wechat/index.php/Home/User/logout/userid/000001
INFO: [ app_init ] --START--
INFO: Run Behavior\BuildLiteBehavior [ RunTime:0.000056s ]
INFO: [ app_init ] --END-- [ RunTime:0.002762s ]
INFO: [ app_begin ] --START--
INFO: Run Behavior\ReadHtmlCacheBehavior [ RunTime:0.003092s ]
INFO: [ app_begin ] --END-- [ RunTime:0.003217s ]
NOTIC: [8] Undefined index: 000001 D:\xampp2\htdocs\wechat\Application\Home\Controller\UserController.class.php 第 9 行.
INFO: [ app_end ] --START--
INFO: Run Behavior\ShowPageTraceBehavior [ RunTime:0.004259s ]
INFO: [ app_end ] --END-- [ RunTime:0.004380s ]

[ 2017-06-03T22:58:09+08:00 ] ::1 /wechat/index.php/Home/User/getFriends/userid/000001
INFO: [ app_init ] --START--
INFO: Run Behavior\BuildLiteBehavior [ RunTime:0.000110s ]
INFO: [ app_init ] --END-- [ RunTime:0.001355s ]
INFO: [ app_begin ] --START--
INFO: Run Behavior\ReadHtmlCacheBehavior [ RunTime:0.002570s ]
INFO: [ app_begin ] --END-- [ RunTime:0.002680s ]
SQL: SHOW COLUMNS FROM `friends` [ RunTime:0.0155s ]
SQL: SHOW COLUMNS FROM `friends` [ RunTime:0.0139s ]
SQL: SELECT * FROM `friends` WHERE `userid` = '000001' LIMIT 1   [ RunTime:0.0006s ]
SQL: SHOW COLUMNS FROM `friends` [ RunTime:0.0151s ]
SQL: SELECT * FROM `friends` WHERE `freid` = '000001' LIMIT 1   [ RunTime:0.0007s ]
INFO: [ app_end ] --START--
INFO: Run Behavior\ShowPageTraceBehavior [ RunTime:0.003195s ]
INFO: [ app_end ] --END-- [ RunTime:0.003295s ]

[ 2017-06-03T22:59:21+08:00 ] ::1 /wechat/index.php/Home/User/getFriends/userid/000001
INFO: [ app_init ] --START--
INFO: Run Behavior\BuildLiteBehavior [ RunTime:0.000019s ]
INFO: [ app_init ] --END-- [ RunTime:0.000773s ]
INFO: [ app_begin ] --START--
INFO: Run Behavior\ReadHtmlCacheBehavior [ RunTime:0.002000s ]
INFO: [ app_begin ] --END-- [ RunTime:0.002089s ]
SQL: SHOW COLUMNS FROM `friends` [ RunTime:0.0114s ]
SQL: SHOW COLUMNS FROM `friends` [ RunTime:0.0108s ]
SQL: SELECT * FROM `friends` WHERE `userid` = '000001' LIMIT 1   [ RunTime:0.0005s ]
SQL: SHOW COLUMNS FROM `friends` [ RunTime:0.0100s ]
SQL: SELECT * FROM `friends` WHERE `freid` = '000001' LIMIT 1   [ RunTime:0.0007s ]
INFO: [ app_end ] --START--
INFO: Run Behavior\ShowPageTraceBehavior [ RunTime:0.002726s ]
INFO: [ app_end ] --END-- [ RunTime:0.002851s ]

[ 2017-06-03T23:39:33+08:00 ] ::1 /wechat/index.php/Home/User/getFriends/userid/000001
INFO: [ app_init ] --START--
INFO: Run Behavior\BuildLiteBehavior [ RunTime:0.000021s ]
INFO: [ app_init ] --END-- [ RunTime:0.000954s ]
INFO: [ app_begin ] --START--
INFO: Run Behavior\ReadHtmlCacheBehavior [ RunTime:0.003281s ]
INFO: [ app_begin ] --END-- [ RunTime:0.003407s ]
SQL: SHOW COLUMNS FROM `friends` [ RunTime:0.0160s ]
SQL: SHOW COLUMNS FROM `friends` [ RunTime:0.0137s ]
SQL: SELECT * FROM `friends` WHERE `userid` = '000001' LIMIT 1   [ RunTime:0.0010s ]
SQL: SHOW COLUMNS FROM `friends` [ RunTime:0.0136s ]
SQL: SELECT * FROM `friends` WHERE `freid` = '000001' LIMIT 1   [ RunTime:0.0007s ]
INFO: [ app_end ] --START--
INFO: Run Behavior\ShowPageTraceBehavior [ RunTime:0.003606s ]
INFO: [ app_end ] --END-- [ RunTime:0.003736s ]

[ 2017-06-03T23:42:36+08:00 ] ::1 /wechat/index.php/Home/User/getFriends/userid/000001
INFO: [ app_init ] --START--
INFO: Run Behavior\BuildLiteBehavior [ RunTime:0.000013s ]
INFO: [ app_init ] --END-- [ RunTime:0.000661s ]
INFO: [ app_begin ] --START--
INFO: Run Behavior\ReadHtmlCacheBehavior [ RunTime:0.001987s ]
INFO: [ app_begin ] --END-- [ RunTime:0.002073s ]
SQL: SHOW COLUMNS FROM `friends` [ RunTime:0.0367s ]
SQL: SHOW COLUMNS FROM `friends` [ RunTime:0.0088s ]
SQL: SELECT * FROM `friends` WHERE `userid` = '000001' LIMIT 1   [ RunTime:0.0004s ]
SQL: SHOW COLUMNS FROM `friends` [ RunTime:0.0093s ]
SQL: SELECT * FROM `friends` WHERE `freid` = '000001' LIMIT 1   [ RunTime:0.0003s ]
INFO: [ app_end ] --START--
INFO: Run Behavior\ShowPageTraceBehavior [ RunTime:0.002306s ]
INFO: [ app_end ] --END-- [ RunTime:0.002372s ]

[ 2017-06-03T23:42:40+08:00 ] ::1 /wechat/index.php/Home/User/getFriends/userid/000001
INFO: [ app_init ] --START--
INFO: Run Behavior\BuildLiteBehavior [ RunTime:0.000012s ]
INFO: [ app_init ] --END-- [ RunTime:0.000661s ]
INFO: [ app_begin ] --START--
INFO: Run Behavior\ReadHtmlCacheBehavior [ RunTime:0.001787s ]
INFO: [ app_begin ] --END-- [ RunTime:0.001864s ]
SQL: SHOW COLUMNS FROM `friends` [ RunTime:0.0293s ]
SQL: SHOW COLUMNS FROM `friends` [ RunTime:0.0075s ]
SQL: SELECT * FROM `friends` WHERE `userid` = '000001' LIMIT 1   [ RunTime:0.0003s ]
SQL: SHOW COLUMNS FROM `friends` [ RunTime:0.0070s ]
SQL: SELECT * FROM `friends` WHERE `freid` = '000001' LIMIT 1   [ RunTime:0.0008s ]
INFO: [ app_end ] --START--
INFO: Run Behavior\ShowPageTraceBehavior [ RunTime:0.002349s ]
INFO: [ app_end ] --END-- [ RunTime:0.002428s ]

[ 2017-06-03T23:43:09+08:00 ] ::1 /wechat/index.php/Home/User/getFriends/userid/000001
INFO: [ app_init ] --START--
INFO: Run Behavior\BuildLiteBehavior [ RunTime:0.000016s ]
INFO: [ app_init ] --END-- [ RunTime:0.000802s ]
INFO: [ app_begin ] --START--
INFO: Run Behavior\ReadHtmlCacheBehavior [ RunTime:0.002361s ]
INFO: [ app_begin ] --END-- [ RunTime:0.002453s ]
SQL: SHOW COLUMNS FROM `friends` [ RunTime:0.0274s ]
SQL: SHOW COLUMNS FROM `friends` [ RunTime:0.0072s ]
SQL: SELECT * FROM `friends` WHERE `userid` = '000001' LIMIT 1   [ RunTime:0.0003s ]
SQL: SHOW COLUMNS FROM `friends` [ RunTime:0.0076s ]
SQL: SELECT * FROM `friends` WHERE `freid` = '000001' LIMIT 1   [ RunTime:0.0006s ]
INFO: [ app_end ] --START--
INFO: Run Behavior\ShowPageTraceBehavior [ RunTime:0.001747s ]
INFO: [ app_end ] --END-- [ RunTime:0.001809s ]

[ 2017-06-03T23:43:28+08:00 ] ::1 /wechat/index.php/Home/User/getFriends/userid/000001
INFO: [ app_init ] --START--
INFO: Run Behavior\BuildLiteBehavior [ RunTime:0.000022s ]
INFO: [ app_init ] --END-- [ RunTime:0.001199s ]
INFO: [ app_begin ] --START--
INFO: Run Behavior\ReadHtmlCacheBehavior [ RunTime:0.002760s ]
INFO: [ app_begin ] --END-- [ RunTime:0.002855s ]
SQL: SHOW COLUMNS FROM `friends` [ RunTime:0.0453s ]
SQL: SHOW COLUMNS FROM `friends` [ RunTime:0.0104s ]
SQL: SELECT * FROM `friends` WHERE `userid` = '000001' LIMIT 1   [ RunTime:0.0004s ]
SQL: SHOW COLUMNS FROM `friends` [ RunTime:0.0106s ]
SQL: SELECT * FROM `friends` WHERE `freid` = '000001' LIMIT 1   [ RunTime:0.0005s ]
INFO: [ app_end ] --START--
INFO: Run Behavior\ShowPageTraceBehavior [ RunTime:0.002781s ]
INFO: [ app_end ] --END-- [ RunTime:0.002859s ]

[ 2017-06-03T23:43:44+08:00 ] ::1 /wechat/index.php/Home/User/getFriends/userid/000001
INFO: [ app_init ] --START--
INFO: Run Behavior\BuildLiteBehavior [ RunTime:0.000017s ]
INFO: [ app_init ] --END-- [ RunTime:0.000932s ]
INFO: [ app_begin ] --START--
INFO: Run Behavior\ReadHtmlCacheBehavior [ RunTime:0.002012s ]
INFO: [ app_begin ] --END-- [ RunTime:0.002147s ]
SQL: SHOW COLUMNS FROM `friends` [ RunTime:0.0138s ]
SQL: SHOW COLUMNS FROM `friends` [ RunTime:0.0132s ]
SQL: SELECT * FROM `friends` WHERE `userid` = '000001' LIMIT 1   [ RunTime:0.0005s ]
SQL: SHOW COLUMNS FROM `friends` [ RunTime:0.0141s ]
SQL: SELECT * FROM `friends` WHERE `freid` = '000001' LIMIT 1   [ RunTime:0.0004s ]
INFO: [ app_end ] --START--
INFO: Run Behavior\ShowPageTraceBehavior [ RunTime:0.002312s ]
INFO: [ app_end ] --END-- [ RunTime:0.002378s ]

[ 2017-06-03T23:44:40+08:00 ] ::1 /wechat/index.php/Home/User/getFriends/userid/000001
INFO: [ app_init ] --START--
INFO: Run Behavior\BuildLiteBehavior [ RunTime:0.000017s ]
INFO: [ app_init ] --END-- [ RunTime:0.000913s ]
INFO: [ app_begin ] --START--
INFO: Run Behavior\ReadHtmlCacheBehavior [ RunTime:0.003288s ]
INFO: [ app_begin ] --END-- [ RunTime:0.003422s ]
SQL: SHOW COLUMNS FROM `friends` [ RunTime:0.0284s ]
SQL: SHOW COLUMNS FROM `friends` [ RunTime:0.0124s ]
SQL: SELECT * FROM `friends` WHERE `userid` = '000001' LIMIT 1   [ RunTime:0.0005s ]
SQL: SHOW COLUMNS FROM `friends` [ RunTime:0.0106s ]
SQL: SELECT * FROM `friends` WHERE `freid` = '000001' LIMIT 1   [ RunTime:0.0007s ]
INFO: [ app_end ] --START--
INFO: Run Behavior\ShowPageTraceBehavior [ RunTime:0.002637s ]
INFO: [ app_end ] --END-- [ RunTime:0.002718s ]

[ 2017-06-03T23:45:15+08:00 ] ::1 /wechat/index.php/Home/User/getFriends/userid/000001
INFO: [ app_init ] --START--
INFO: Run Behavior\BuildLiteBehavior [ RunTime:0.000017s ]
INFO: [ app_init ] --END-- [ RunTime:0.000925s ]
INFO: [ app_begin ] --START--
INFO: Run Behavior\ReadHtmlCacheBehavior [ RunTime:0.003043s ]
INFO: [ app_begin ] --END-- [ RunTime:0.003178s ]
SQL: SHOW COLUMNS FROM `friends` [ RunTime:0.0107s ]
SQL: SHOW COLUMNS FROM `friends` [ RunTime:0.0098s ]
SQL: SELECT * FROM `friends` WHERE `userid` = '000001' LIMIT 1   [ RunTime:0.0005s ]
SQL: SHOW COLUMNS FROM `friends` [ RunTime:0.0096s ]
SQL: SELECT * FROM `friends` WHERE `freid` = '000001' LIMIT 1   [ RunTime:0.0007s ]
INFO: [ app_end ] --START--
INFO: Run Behavior\ShowPageTraceBehavior [ RunTime:0.002445s ]
INFO: [ app_end ] --END-- [ RunTime:0.002515s ]

[ 2017-06-03T23:45:39+08:00 ] ::1 /wechat/index.php/Home/User/getFriends/userid/000001
INFO: [ app_init ] --START--
INFO: Run Behavior\BuildLiteBehavior [ RunTime:0.000027s ]
INFO: [ app_init ] --END-- [ RunTime:0.001368s ]
INFO: [ app_begin ] --START--
INFO: Run Behavior\ReadHtmlCacheBehavior [ RunTime:0.002822s ]
INFO: [ app_begin ] --END-- [ RunTime:0.002941s ]
SQL: SHOW COLUMNS FROM `friends` [ RunTime:0.0267s ]
SQL: SHOW COLUMNS FROM `friends` [ RunTime:0.0103s ]
SQL: SELECT * FROM `friends` WHERE `userid` = '000001' LIMIT 1   [ RunTime:0.0004s ]
SQL: SHOW COLUMNS FROM `friends` [ RunTime:0.0101s ]
SQL: SELECT * FROM `friends` WHERE `freid` = '000001' LIMIT 1   [ RunTime:0.0005s ]
INFO: [ app_end ] --START--
INFO: Run Behavior\ShowPageTraceBehavior [ RunTime:0.003321s ]
INFO: [ app_end ] --END-- [ RunTime:0.003429s ]

[ 2017-06-03T23:57:37+08:00 ] ::1 /wechat/index.php/Home/User/getFriends/userid/000001
INFO: [ app_init ] --START--
INFO: Run Behavior\BuildLiteBehavior [ RunTime:0.000023s ]
INFO: [ app_init ] --END-- [ RunTime:0.001330s ]
INFO: [ app_begin ] --START--
INFO: Run Behavior\ReadHtmlCacheBehavior [ RunTime:0.003075s ]
INFO: [ app_begin ] --END-- [ RunTime:0.003175s ]
SQL: SHOW COLUMNS FROM `friends` [ RunTime:0.0108s ]
SQL: SHOW COLUMNS FROM `friends` [ RunTime:0.0089s ]
SQL: SELECT * FROM `friends` WHERE `userid` = '000001' LIMIT 1   [ RunTime:0.0005s ]
SQL: SHOW COLUMNS FROM `friends` [ RunTime:0.0103s ]
SQL: SELECT * FROM `friends` WHERE `freid` = '000001' LIMIT 1   [ RunTime:0.0004s ]
INFO: [ app_end ] --START--
INFO: Run Behavior\ShowPageTraceBehavior [ RunTime:0.003278s ]
INFO: [ app_end ] --END-- [ RunTime:0.003360s ]

[ 2017-06-03T23:57:58+08:00 ] ::1 /wechat/index.php/Home/User/getFriends/userid/000001
INFO: [ app_init ] --START--
INFO: Run Behavior\BuildLiteBehavior [ RunTime:0.000020s ]
INFO: [ app_init ] --END-- [ RunTime:0.001220s ]
INFO: [ app_begin ] --START--
INFO: Run Behavior\ReadHtmlCacheBehavior [ RunTime:0.003297s ]
INFO: [ app_begin ] --END-- [ RunTime:0.003394s ]
SQL: SHOW COLUMNS FROM `friends` [ RunTime:0.0113s ]
SQL: SHOW COLUMNS FROM `friends` [ RunTime:0.0095s ]
SQL: SELECT * FROM `friends` WHERE `userid` = '000001' LIMIT 1   [ RunTime:0.0006s ]
SQL: SHOW COLUMNS FROM `friends` [ RunTime:0.0092s ]
SQL: SELECT * FROM `friends` WHERE `freid` = '000001' LIMIT 1   [ RunTime:0.0003s ]
INFO: [ app_end ] --START--
INFO: Run Behavior\ShowPageTraceBehavior [ RunTime:0.002700s ]
INFO: [ app_end ] --END-- [ RunTime:0.002756s ]

[ 2017-06-03T23:59:17+08:00 ] ::1 /wechat/index.php/Home/User/getFriends/userid/000001
INFO: [ app_init ] --START--
INFO: Run Behavior\BuildLiteBehavior [ RunTime:0.000025s ]
INFO: [ app_init ] --END-- [ RunTime:0.001453s ]
INFO: [ app_begin ] --START--
INFO: Run Behavior\ReadHtmlCacheBehavior [ RunTime:0.004607s ]
INFO: [ app_begin ] --END-- [ RunTime:0.004712s ]
SQL: SHOW COLUMNS FROM `friends` [ RunTime:0.0100s ]
SQL: SHOW COLUMNS FROM `friends` [ RunTime:0.0105s ]
SQL: SELECT * FROM `friends` WHERE `userid` = '000001' LIMIT 1   [ RunTime:0.0006s ]
SQL: SHOW COLUMNS FROM `friends` [ RunTime:0.0108s ]
SQL: SELECT * FROM `friends` WHERE `freid` = '000001' LIMIT 1   [ RunTime:0.0005s ]
INFO: [ app_end ] --START--
INFO: Run Behavior\ShowPageTraceBehavior [ RunTime:0.003016s ]
INFO: [ app_end ] --END-- [ RunTime:0.003083s ]

[ 2017-06-03T23:59:18+08:00 ] ::1 /wechat/index.php/Home/User/getFriends/userid/000001
INFO: [ app_init ] --START--
INFO: Run Behavior\BuildLiteBehavior [ RunTime:0.000026s ]
INFO: [ app_init ] --END-- [ RunTime:0.001617s ]
INFO: [ app_begin ] --START--
INFO: Run Behavior\ReadHtmlCacheBehavior [ RunTime:0.009256s ]
INFO: [ app_begin ] --END-- [ RunTime:0.009391s ]
SQL: SHOW COLUMNS FROM `friends` [ RunTime:0.0136s ]
SQL: SHOW COLUMNS FROM `friends` [ RunTime:0.0119s ]
SQL: SELECT * FROM `friends` WHERE `userid` = '000001' LIMIT 1   [ RunTime:0.0005s ]
SQL: SHOW COLUMNS FROM `friends` [ RunTime:0.0117s ]
SQL: SELECT * FROM `friends` WHERE `freid` = '000001' LIMIT 1   [ RunTime:0.0005s ]
INFO: [ app_end ] --START--
INFO: Run Behavior\ShowPageTraceBehavior [ RunTime:0.004060s ]
INFO: [ app_end ] --END-- [ RunTime:0.004157s ]

